<?xml version="1.0" encoding="UTF-8"?>
<testng-results ignored="0" total="1" passed="1" failed="0" skipped="0">
  <reporter-output>
  </reporter-output>
  <suite started-at="2025-10-25T23:01:13 IST" name="Default suite" finished-at="2025-10-25T23:01:28 IST" duration-ms="14721">
    <groups>
    </groups>
    <test started-at="2025-10-25T23:01:13 IST" name="Default test" finished-at="2025-10-25T23:01:28 IST" duration-ms="14721">
      <class name="com.api.tests.userTest">
        <test-method is-config="true" signature="setup()[pri:0, instance:com.api.tests.userTest@6ed3ccb2]" started-at="2025-10-25T23:01:14 IST" name="setup" finished-at="2025-10-25T23:01:14 IST" duration-ms="770" status="PASS">
          <reporter-output>
          </reporter-output>
        </test-method> <!-- setup -->
        <test-method signature="testCRUD()[pri:0, instance:com.api.tests.userTest@6ed3ccb2]" started-at="2025-10-25T23:01:14 IST" name="testCRUD" finished-at="2025-10-25T23:01:28 IST" duration-ms="13864" status="PASS">
          <reporter-output>
          </reporter-output>
        </test-method> <!-- testCRUD -->
      </class> <!-- com.api.tests.userTest -->
    </test> <!-- Default test -->
  </suite> <!-- Default suite -->
</testng-results>
